<?xml version="1.0" encoding="UTF-8"?>
<!-- Generated by org.testng.reporters.JUnitXMLReporter -->
<testsuite ignored="0" hostname="DESKTOP-4VQABCR" failures="2" tests="2" name="Test(failed)" time="81.912" errors="0" timestamp="2024-12-30T15:53:32 IST">
  <testcase classname="TestCases.TC002_Accountlogin" name="verify_Loginpage" time="31.89">
    <failure type="java.lang.AssertionError" message="expected [true] but found [false]">
      <![CDATA[java.lang.AssertionError: expected [true] but found [false]
at TestCases.TC002_Accountlogin.verify_Loginpage(TC002_Accountlogin.java:33)
at java.base/java.util.ArrayList.forEach(ArrayList.java:1511)
... Removed 31 stack frames]]>
    </failure>
  </testcase> <!-- verify_Loginpage -->
  <testcase classname="TestCases.TC001_AccountregistrationTest" name="Verify_HomePage_Logo" time="36.521">
    <failure type="java.lang.AssertionError" message="expected [true] but found [false]">
      <![CDATA[java.lang.AssertionError: expected [true] but found [false]
at TestCases.TC001_AccountregistrationTest.Verify_HomePage_Logo(TC001_AccountregistrationTest.java:45)
at java.base/java.util.ArrayList.forEach(ArrayList.java:1511)
... Removed 31 stack frames]]>
    </failure>
  </testcase> <!-- Verify_HomePage_Logo -->
</testsuite> <!-- Test(failed) -->
